::1 - - [30/Jun/2021:20:09:38 +0000] "GET /api/alarms?page=1000&limit=100 HTTP/1.1" 200 7102 "-" "PostmanRuntime/7.28.1"
::1 - - [30/Jun/2021:20:16:22 +0000] "GET /api/api-key HTTP/1.1" 500 58 "-" "PostmanRuntime/7.28.1"
::1 - - [30/Jun/2021:20:17:11 +0000] "GET /api/api-key HTTP/1.1" - - "-" "PostmanRuntime/7.28.1"
::1 - - [30/Jun/2021:20:17:52 +0000] "GET /api/api-key HTTP/1.1" - - "-" "PostmanRuntime/7.28.1"
::1 - - [30/Jun/2021:20:18:40 +0000] "GET /api/api-key HTTP/1.1" 200 30 "-" "PostmanRuntime/7.28.1"
::1 - - [30/Jun/2021:20:19:05 +0000] "GET /api/api-key HTTP/1.1" 200 16 "-" "PostmanRuntime/7.28.1"
::1 - - [30/Jun/2021:20:19:10 +0000] "GET /api/api-key HTTP/1.1" 200 20 "-" "PostmanRuntime/7.28.1"
::1 - - [30/Jun/2021:20:21:35 +0000] "GET /api/api-key HTTP/1.1" 200 35 "-" "PostmanRuntime/7.28.1"
::1 - - [30/Jun/2021:20:32:10 +0000] "GET /api/api-key HTTP/1.1" 200 35 "-" "PostmanRuntime/7.28.1"
::1 - - [30/Jun/2021:20:32:14 +0000] "GET /api/alarms?page=1000&limit=100 HTTP/1.1" 401 56 "-" "PostmanRuntime/7.28.1"
::1 - - [30/Jun/2021:20:32:29 +0000] "GET /api/alarms?page=1000&limit=100?key=Gpli3Bt5Jt HTTP/1.1" 401 56 "-" "PostmanRuntime/7.28.1"
::1 - - [30/Jun/2021:20:32:35 +0000] "GET /api/alarms?page=1000&limit=100&key=Gpli3Bt5Jt HTTP/1.1" 200 7102 "-" "PostmanRuntime/7.28.1"
::1 - - [30/Jun/2021:20:34:22 +0000] "GET /api/alarms?page=1000&limit=100&key=Gpli3Bt5Jt HTTP/1.1" 500 84 "-" "PostmanRuntime/7.28.1"
::1 - - [30/Jun/2021:20:34:33 +0000] "GET /api/api-key HTTP/1.1" 200 35 "-" "PostmanRuntime/7.28.1"
::1 - - [30/Jun/2021:20:34:38 +0000] "GET /api/alarms?page=1000&limit=100&key=Qb2MLjY917 HTTP/1.1" 200 7102 "-" "PostmanRuntime/7.28.1"
::1 - - [30/Jun/2021:20:34:39 +0000] "GET /api/alarms?page=1000&limit=100&key=Qb2MLjY917 HTTP/1.1" 200 7102 "-" "PostmanRuntime/7.28.1"
::1 - - [30/Jun/2021:20:35:31 +0000] "GET /api/alarms?page=1000&limit=100&key=Qb2MLjY917 HTTP/1.1" 500 84 "-" "PostmanRuntime/7.28.1"
::1 - - [30/Jun/2021:20:35:43 +0000] "GET /api/api-key HTTP/1.1" 200 35 "-" "PostmanRuntime/7.28.1"
::1 - - [30/Jun/2021:20:35:47 +0000] "GET /api/alarms?page=1000&limit=100&key=JdCvrxHO44 HTTP/1.1" 200 7102 "-" "PostmanRuntime/7.28.1"
::1 - - [30/Jun/2021:20:36:55 +0000] "GET /api/locations?page=2&limit=88 HTTP/1.1" 401 56 "-" "PostmanRuntime/7.28.1"
::1 - - [30/Jun/2021:20:36:58 +0000] "GET /api/locations?page=2&limit=88&key=JdCvrxHO44 HTTP/1.1" 500 84 "-" "PostmanRuntime/7.28.1"
::1 - - [30/Jun/2021:20:37:05 +0000] "GET /api/api-key HTTP/1.1" 200 35 "-" "PostmanRuntime/7.28.1"
::1 - - [30/Jun/2021:20:37:42 +0000] "GET /api/locations?page=2&limit=88&key=JdCvrxHO44 HTTP/1.1" 500 84 "-" "PostmanRuntime/7.28.1"
::1 - - [30/Jun/2021:20:37:43 +0000] "GET /api/locations?page=2&limit=88&key=JdCvrxHO44 HTTP/1.1" 500 84 "-" "PostmanRuntime/7.28.1"
::1 - - [30/Jun/2021:20:37:55 +0000] "GET /api/locations?page=2&limit=88&key=JdCvrxHO44 HTTP/1.1" 500 71 "-" "PostmanRuntime/7.28.1"
::1 - - [30/Jun/2021:20:38:20 +0000] "GET /api/locations?page=2&limit=88&key=JdCvrxHO44 HTTP/1.1" 401 61 "-" "PostmanRuntime/7.28.1"
::1 - - [30/Jun/2021:20:38:30 +0000] "GET /api/api-key HTTP/1.1" 200 35 "-" "PostmanRuntime/7.28.1"
::1 - - [30/Jun/2021:20:38:37 +0000] "GET /api/alarms?page=1000&limit=100&key=luwA0yOYVx HTTP/1.1" 200 7102 "-" "PostmanRuntime/7.28.1"
::1 - - [30/Jun/2021:20:38:41 +0000] "GET /api/locations?page=2&limit=88&key=luwA0yOYVx HTTP/1.1" 200 436 "-" "PostmanRuntime/7.28.1"
::1 - - [30/Jun/2021:20:38:46 +0000] "GET /api/locations?page=2&limit=88&key=luwA0yOYVx HTTP/1.1" 200 436 "-" "PostmanRuntime/7.28.1"
::1 - - [30/Jun/2021:21:23:59 +0000] "GET /api/locations?page=2&limit=88&key=luwA0yOYVx HTTP/1.1" 200 436 "-" "PostmanRuntime/7.28.1"
::1 - - [30/Jun/2021:21:24:35 +0000] "GET /api/locations?page=2&limit=88&key=luwA0yOYVx HTTP/1.1" 401 61 "-" "PostmanRuntime/7.28.1"
::1 - - [30/Jun/2021:21:24:45 +0000] "GET /api/api-key HTTP/1.1" 200 35 "-" "PostmanRuntime/7.28.1"
::1 - - [30/Jun/2021:21:24:59 +0000] "GET /api/locations?page=2&limit=88&key=D1Sd3rtSrG HTTP/1.1" 200 436 "-" "PostmanRuntime/7.28.1"
::1 - - [30/Jun/2021:21:26:23 +0000] "GET /api/api-key HTTP/1.1" 200 35 "-" "PostmanRuntime/7.28.1"
::1 - - [30/Jun/2021:21:26:29 +0000] "GET /api/locations?page=2&limit=88&key=Ud56vy5EMf HTTP/1.1" 401 61 "-" "PostmanRuntime/7.28.1"
::1 - - [30/Jun/2021:21:28:43 +0000] "GET /api/api-key HTTP/1.1" 200 35 "-" "PostmanRuntime/7.28.1"
::1 - - [30/Jun/2021:21:28:51 +0000] "GET /api/locations?page=2&limit=88&key=fNZpsqoTIj HTTP/1.1" 200 436 "-" "PostmanRuntime/7.28.1"
::1 - - [30/Jun/2021:21:29:06 +0000] "GET /api/locations?page=2&limit=88&key=fNZpsqoTIj HTTP/1.1" 200 436 "-" "PostmanRuntime/7.28.1"
::1 - - [30/Jun/2021:21:29:08 +0000] "GET /api/locations?page=2&limit=88&key=fNZpsqoTIj HTTP/1.1" 200 436 "-" "PostmanRuntime/7.28.1"
::1 - - [30/Jun/2021:21:29:14 +0000] "GET /api/locations?page=2&key=fNZpsqoTIj HTTP/1.1" 200 849 "-" "PostmanRuntime/7.28.1"
::1 - - [30/Jun/2021:21:29:22 +0000] "GET /api/locations?key=fNZpsqoTIj HTTP/1.1" 200 829 "-" "PostmanRuntime/7.28.1"
::1 - - [30/Jun/2021:21:29:30 +0000] "GET /api/locations?key=fNZpsqoTIj HTTP/1.1" 200 829 "-" "PostmanRuntime/7.28.1"
::1 - - [30/Jun/2021:21:29:34 +0000] "GET /api/locations?page=2&key=fNZpsqoTIj HTTP/1.1" 200 849 "-" "PostmanRuntime/7.28.1"
::1 - - [30/Jun/2021:21:29:42 +0000] "GET /api/locations?page=2&limit=1&key=fNZpsqoTIj HTTP/1.1" 200 78 "-" "PostmanRuntime/7.28.1"
::1 - - [30/Jun/2021:21:29:48 +0000] "GET /api/locations?page=2&limit=10&key=fNZpsqoTIj HTTP/1.1" 200 369 "-" "PostmanRuntime/7.28.1"
::1 - - [30/Jun/2021:21:29:56 +0000] "GET /api/locations?page=2&limit=10&key=fNZpsqoTIj HTTP/1.1" 200 369 "-" "PostmanRuntime/7.28.1"
::1 - - [30/Jun/2021:21:30:04 +0000] "GET /api/locations?page=2&limit=10&key=fNZpsqoTIj HTTP/1.1" 200 369 "-" "PostmanRuntime/7.28.1"
::1 - - [30/Jun/2021:21:31:52 +0000] "GET /api/alarms?page=1000&limit=100&key=luwA0yOYVx HTTP/1.1" 401 61 "-" "PostmanRuntime/7.28.1"
::1 - - [30/Jun/2021:21:31:56 +0000] "GET /api/api-key HTTP/1.1" 200 35 "-" "PostmanRuntime/7.28.1"
::1 - - [30/Jun/2021:21:32:02 +0000] "GET /api/alarms?page=1000&limit=100&key=a6lY4oGh3z HTTP/1.1" 200 7102 "-" "PostmanRuntime/7.28.1"
::1 - - [30/Jun/2021:21:37:08 +0000] "GET /api/alarms?page=1000&limit=100&key=a6lY4oGh3z HTTP/1.1" 401 61 "-" "PostmanRuntime/7.28.1"
::1 - - [30/Jun/2021:21:37:12 +0000] "GET /api/api-key HTTP/1.1" 200 35 "-" "PostmanRuntime/7.28.1"
::1 - - [30/Jun/2021:21:37:24 +0000] "GET /api/alarms?page=1000&limit=100&key=a6lY4oGh3z HTTP/1.1" 401 61 "-" "PostmanRuntime/7.28.1"
::1 - - [30/Jun/2021:21:37:27 +0000] "GET /api/alarms?page=1000&limit=100&key=kjRQ0aTrHA HTTP/1.1" 200 7102 "-" "PostmanRuntime/7.28.1"
::1 - - [30/Jun/2021:21:37:45 +0000] "GET /api/alarms?page=1000&limit=100&key=kjRQ0aTrHA&locationId=14 HTTP/1.1" 200 52 "-" "PostmanRuntime/7.28.1"
::1 - - [30/Jun/2021:21:37:48 +0000] "GET /api/alarms?page=1000&limit=100&key=kjRQ0aTrHA&locationId=1 HTTP/1.1" 200 52 "-" "PostmanRuntime/7.28.1"
::1 - - [30/Jun/2021:21:37:50 +0000] "GET /api/alarms?page=1000&limit=100&key=kjRQ0aTrHA&locationId=10 HTTP/1.1" 200 52 "-" "PostmanRuntime/7.28.1"
::1 - - [30/Jun/2021:21:38:24 +0000] "GET /api/alarms?page=1000&limit=100&key=kjRQ0aTrHA&locationId=10 HTTP/1.1" 401 61 "-" "PostmanRuntime/7.28.1"
::1 - - [30/Jun/2021:21:38:30 +0000] "GET /api/api-key HTTP/1.1" 200 35 "-" "PostmanRuntime/7.28.1"
::1 - - [30/Jun/2021:21:38:42 +0000] "GET /api/alarms?page=1000&limit=100&key=xHGNOuaso0&locationId=10 HTTP/1.1" 200 52 "-" "PostmanRuntime/7.28.1"
::1 - - [30/Jun/2021:21:38:45 +0000] "GET /api/alarms?page=1000&limit=100&key=xHGNOuaso0&locationId=1 HTTP/1.1" 200 52 "-" "PostmanRuntime/7.28.1"
::1 - - [30/Jun/2021:21:38:47 +0000] "GET /api/alarms?page=1000&limit=100&key=xHGNOuaso0&locationId=2 HTTP/1.1" 200 52 "-" "PostmanRuntime/7.28.1"
::1 - - [30/Jun/2021:21:38:48 +0000] "GET /api/alarms?page=1000&limit=100&key=xHGNOuaso0&locationId=3 HTTP/1.1" 200 52 "-" "PostmanRuntime/7.28.1"
::1 - - [30/Jun/2021:21:38:50 +0000] "GET /api/alarms?page=1000&limit=100&key=xHGNOuaso0&locationId=4 HTTP/1.1" 200 52 "-" "PostmanRuntime/7.28.1"
::1 - - [30/Jun/2021:21:38:51 +0000] "GET /api/alarms?page=1000&limit=100&key=xHGNOuaso0&locationId=5 HTTP/1.1" 200 52 "-" "PostmanRuntime/7.28.1"
::1 - - [30/Jun/2021:21:38:59 +0000] "GET /api/alarms?page=1000&limit=100&key=xHGNOuaso0&locationId=6 HTTP/1.1" 200 52 "-" "PostmanRuntime/7.28.1"
::1 - - [30/Jun/2021:21:39:07 +0000] "GET /api/alarms?page=1000&limit=100&key=xHGNOuaso0 HTTP/1.1" 200 7102 "-" "PostmanRuntime/7.28.1"
::1 - - [30/Jun/2021:21:39:15 +0000] "GET /api/alarms?page=1000&limit=100&key=xHGNOuaso0&locationId=73 HTTP/1.1" 200 52 "-" "PostmanRuntime/7.28.1"
::1 - - [30/Jun/2021:21:39:37 +0000] "GET /api/api-key HTTP/1.1" 200 35 "-" "PostmanRuntime/7.28.1"
::1 - - [30/Jun/2021:21:39:43 +0000] "GET /api/alarms?page=1000&limit=100&key=u4fwQT75tQ&locationId=73 HTTP/1.1" 200 52 "-" "PostmanRuntime/7.28.1"
::1 - - [30/Jun/2021:21:40:09 +0000] "GET /api/alarms?page=1000&limit=100&locationId=73 HTTP/1.1" 401 56 "-" "PostmanRuntime/7.28.1"
::1 - - [30/Jun/2021:21:40:16 +0000] "GET /api/alarms?page=1000&limit=100&key=u4fwQT75tQ HTTP/1.1" 200 7102 "-" "PostmanRuntime/7.28.1"
::1 - - [30/Jun/2021:21:41:49 +0000] "GET /api/alarms?page=1000&limit=100&key=u4fwQT75tQ HTTP/1.1" 401 61 "-" "PostmanRuntime/7.28.1"
::1 - - [30/Jun/2021:21:41:55 +0000] "GET /api/api-key HTTP/1.1" 200 35 "-" "PostmanRuntime/7.28.1"
::1 - - [30/Jun/2021:21:42:01 +0000] "GET /api/alarms?page=1000&limit=100&key=rbKDPVfG2R HTTP/1.1" 200 7102 "-" "PostmanRuntime/7.28.1"
::1 - - [30/Jun/2021:21:42:09 +0000] "GET /api/alarms?page=1000&limit=100&key=rbKDPVfG2R&locationId=73 HTTP/1.1" 500 59 "-" "PostmanRuntime/7.28.1"
::1 - - [30/Jun/2021:21:42:24 +0000] "GET /api/api-key HTTP/1.1" 200 35 "-" "PostmanRuntime/7.28.1"
::1 - - [30/Jun/2021:21:43:08 +0000] "GET /api/alarms?page=1000&limit=100&key=rbKDPVfG2R&locationId=73 HTTP/1.1" 401 61 "-" "PostmanRuntime/7.28.1"
::1 - - [30/Jun/2021:21:43:10 +0000] "GET /api/alarms?page=1000&limit=100&key=rbKDPVfG2R&locationId=73 HTTP/1.1" 401 61 "-" "PostmanRuntime/7.28.1"
::1 - - [30/Jun/2021:21:43:16 +0000] "GET /api/alarms?page=1000&limit=100&key=iwEiyCx3C2&locationId=73 HTTP/1.1" 200 52 "-" "PostmanRuntime/7.28.1"
::1 - - [30/Jun/2021:21:44:31 +0000] "GET /api/alarms?page=1000&limit=100&key=iwEiyCx3C2 HTTP/1.1" 200 7102 "-" "PostmanRuntime/7.28.1"
::1 - - [30/Jun/2021:21:44:52 +0000] "GET /api/alarms?page=1000&limit=100&key=iwEiyCx3C2 HTTP/1.1" 200 7102 "-" "PostmanRuntime/7.28.1"
::1 - - [30/Jun/2021:21:44:56 +0000] "GET /api/alarms?page=1000&limit=100&key=iwEiyCx3C2&locationId=73 HTTP/1.1" 200 69497 "-" "PostmanRuntime/7.28.1"
::1 - - [30/Jun/2021:21:45:18 +0000] "GET /api/alarms?page=1000&limit=100&key=iwEiyCx3C2&locationId=73 HTTP/1.1" 200 52 "-" "PostmanRuntime/7.28.1"
::1 - - [30/Jun/2021:21:45:31 +0000] "GET /api/alarms?page=1&limit=100&key=iwEiyCx3C2&locationId=73 HTTP/1.1" 200 7097 "-" "PostmanRuntime/7.28.1"
